############## Kodi CRASH LOG ###############

################ SYSTEM INFO ################
 Date: Sun Dec 28 19:32:29 IST 2014
 Kodi Options: 
 Arch: x86_64
 Kernel: Linux 3.13.0-43-generic #72-Ubuntu SMP Mon Dec 8 19:35:06 UTC 2014
 Release: Ubuntu 14.04.1 LTS, Trusty Tahr
############## END SYSTEM INFO ##############

############### STACK TRACE #################
############# END STACK TRACE ###############

################# LOG FILE ##################

﻿19:08:24 T:139733315532736  NOTICE: special://profile/ is mapped to: special://masterprofile/
19:08:24 T:139733315532736  NOTICE: -----------------------------------------------------------------------
19:08:24 T:139733315532736  NOTICE: Starting Kodi (14.0 Git:ad747d9). Platform: Linux x86 64-bit
19:08:24 T:139733315532736  NOTICE: Using Release Kodi x64 build
19:08:24 T:139733315532736  NOTICE: Kodi compiled Dec 23 2014 by GCC 4.8.2 for Linux x86 64-bit version 3.13.11 (199947)
19:08:24 T:139733315532736  NOTICE: Running on Ubuntu 14.04.1 LTS, kernel: Linux x86 64-bit version 3.13.0-43-generic
19:08:24 T:139733315532736  NOTICE: FFmpeg statically linked, version: 2.4.4-xbmc-2.4.4-Helix
19:08:24 T:139733315532736  NOTICE: Host CPU: Pentium(R) Dual-Core CPU T4300 @ 2.10GHz, 2 cores available
19:08:24 T:139733315532736  NOTICE: special://xbmc/ is mapped to: /usr/share/kodi
19:08:24 T:139733315532736  NOTICE: special://xbmcbin/ is mapped to: /usr/lib/kodi
19:08:24 T:139733315532736  NOTICE: special://masterprofile/ is mapped to: /home/anupam/.kodi/userdata
19:08:24 T:139733315532736  NOTICE: special://home/ is mapped to: /home/anupam/.kodi
19:08:24 T:139733315532736  NOTICE: special://temp/ is mapped to: /home/anupam/.kodi/temp
19:08:24 T:139733315532736  NOTICE: The executable running is: /usr/lib/kodi/kodi.bin
19:08:24 T:139733315532736  NOTICE: Local hostname: anupam-HP-G60-Notebook-PC
19:08:24 T:139733315532736  NOTICE: Log File is located: /home/anupam/.kodi/temp/kodi.log
19:08:24 T:139733315532736  NOTICE: -----------------------------------------------------------------------
19:08:24 T:139733315532736  NOTICE: load settings...
19:08:25 T:139733315532736  NOTICE: Found 1 Lists of Devices
19:08:25 T:139733315532736  NOTICE: Enumerated PULSE devices:
19:08:25 T:139733315532736  NOTICE:     Device 1
19:08:25 T:139733315532736  NOTICE:         m_deviceName      : Default
19:08:25 T:139733315532736  NOTICE:         m_displayName     : Default
19:08:25 T:139733315532736  NOTICE:         m_displayNameExtra: Default Output Device (PULSEAUDIO)
19:08:25 T:139733315532736  NOTICE:         m_deviceType      : AE_DEVTYPE_PCM
19:08:25 T:139733315532736  NOTICE:         m_channels        : FL,FR
19:08:25 T:139733315532736  NOTICE:         m_sampleRates     : 5512,8000,11025,16000,22050,32000,44100,48000,64000,88200,96000,176400,192000,384000
19:08:25 T:139733315532736  NOTICE:         m_dataFormats     : AE_FMT_U8,AE_FMT_S16NE,AE_FMT_S24NE3,AE_FMT_S24NE4,AE_FMT_S32NE,AE_FMT_FLOAT
19:08:25 T:139733315532736  NOTICE:     Device 2
19:08:25 T:139733315532736  NOTICE:         m_deviceName      : alsa_output.pci-0000_00_1b.0.analog-stereo
19:08:25 T:139733315532736  NOTICE:         m_displayName     : Built-in Audio Analog Stereo
19:08:25 T:139733315532736  NOTICE:         m_displayNameExtra: Analog Output (PULSEAUDIO)
19:08:25 T:139733315532736  NOTICE:         m_deviceType      : AE_DEVTYPE_PCM
19:08:25 T:139733315532736  NOTICE:         m_channels        : FL,FR
19:08:25 T:139733315532736  NOTICE:         m_sampleRates     : 5512,8000,11025,16000,22050,32000,44100,48000,64000,88200,96000,176400,192000,384000
19:08:25 T:139733315532736  NOTICE:         m_dataFormats     : AE_FMT_U8,AE_FMT_S16NE,AE_FMT_S24NE3,AE_FMT_S24NE4,AE_FMT_S32NE,AE_FMT_FLOAT
19:08:25 T:139733315532736  NOTICE: No settings file to load (special://xbmc/system/advancedsettings.xml)
19:08:25 T:139733315532736  NOTICE: No settings file to load (special://masterprofile/advancedsettings.xml)
19:08:25 T:139733315532736  NOTICE: Default DVD Player: dvdplayer
19:08:25 T:139733315532736  NOTICE: Default Video Player: dvdplayer
19:08:25 T:139733315532736  NOTICE: Default Audio Player: paplayer
19:08:25 T:139733315532736  NOTICE: Disabled debug logging due to GUI setting. Level 0.
19:08:25 T:139733315532736  NOTICE: Log level changed to "LOG_LEVEL_NORMAL"
19:08:25 T:139733315532736  NOTICE: Loading player core factory settings from special://xbmc/system/playercorefactory.xml.
19:08:25 T:139733315532736  NOTICE: Loaded playercorefactory configuration
19:08:25 T:139733315532736  NOTICE: Loading player core factory settings from special://masterprofile/playercorefactory.xml.
19:08:25 T:139733315532736  NOTICE: special://masterprofile/playercorefactory.xml does not exist. Skipping.
19:08:25 T:139732847548160  NOTICE: Thread ActiveAE start, auto delete: false
19:08:25 T:139732911740672  NOTICE: Thread AESink start, auto delete: false
19:08:25 T:139732911740672  NOTICE: PulseAudio: Opened device Default in pcm mode with Buffersize 150 ms
19:08:25 T:139733315532736  NOTICE: Running database version Addons16
19:08:25 T:139733315532736  NOTICE: ADDONS: Using repository repository.xbmc.org
19:08:25 T:139732885751552  NOTICE: Thread PeripBusCEC start, auto delete: false
19:08:25 T:139732877358848  NOTICE: Thread PeripBusUSBUdev start, auto delete: false
19:08:25 T:139733315532736  NOTICE: Setup SDL
19:08:25 T:139733315532736  NOTICE: Checking resolution 16
19:08:25 T:139733315532736  NOTICE: Using visual 0x20
19:08:25 T:139733315532736  NOTICE: GL_VENDOR = Intel Open Source Technology Center
19:08:25 T:139733315532736  NOTICE: GL_RENDERER = Mesa DRI Mobile Intel® GM45 Express Chipset
19:08:25 T:139733315532736  NOTICE: GL_VERSION = 2.1 Mesa 10.1.3
19:08:25 T:139733315532736  NOTICE: GL_SHADING_LANGUAGE_VERSION = 1.20
19:08:25 T:139733315532736  NOTICE: GL_EXTENSIONS = GL_ARB_multisample GL_EXT_abgr GL_EXT_bgra GL_EXT_blend_color GL_EXT_blend_minmax GL_EXT_blend_subtract GL_EXT_copy_texture GL_EXT_polygon_offset GL_EXT_subtexture GL_EXT_texture_object GL_EXT_vertex_array GL_EXT_compiled_vertex_array GL_EXT_texture GL_EXT_texture3D GL_IBM_rasterpos_clip GL_ARB_point_parameters GL_EXT_draw_range_elements GL_EXT_packed_pixels GL_EXT_point_parameters GL_EXT_rescale_normal GL_EXT_separate_specular_color GL_EXT_texture_edge_clamp GL_SGIS_generate_mipmap GL_SGIS_texture_border_clamp GL_SGIS_texture_edge_clamp GL_SGIS_texture_lod GL_ARB_framebuffer_sRGB GL_ARB_multitexture GL_EXT_framebuffer_sRGB GL_IBM_multimode_draw_arrays GL_IBM_texture_mirrored_repeat GL_3DFX_texture_compression_FXT1 GL_ARB_texture_cube_map GL_ARB_texture_env_add GL_ARB_transpose_matrix GL_EXT_blend_func_separate GL_EXT_fog_coord GL_EXT_multi_draw_arrays GL_EXT_secondary_color GL_EXT_texture_env_add GL_EXT_texture_filter_anisotropic GL_EXT_texture_lod_bias GL_INGR_blend_func_separate GL_NV_blend_square GL_NV_light_max_exponent GL_NV_texgen_reflection GL_NV_texture_env_combine4 GL_S3_s3tc GL_SUN_multi_draw_arrays GL_ARB_texture_border_clamp GL_ARB_texture_compression GL_EXT_framebuffer_object GL_EXT_texture_compression_s3tc GL_EXT_texture_env_combine GL_EXT_texture_env_dot3 GL_MESA_window_pos GL_NV_packed_depth_stencil GL_NV_texture_rectangle GL_ARB_depth_texture GL_ARB_occlusion_query GL_ARB_shadow GL_ARB_texture_env_combine GL_ARB_texture_env_crossbar GL_ARB_texture_env_dot3 GL_ARB_texture_mirrored_repeat GL_ARB_window_pos GL_ATI_envmap_bumpmap GL_EXT_stencil_two_side GL_EXT_texture_cube_map GL_NV_depth_clamp GL_APPLE_packed_pixels GL_APPLE_vertex_array_object GL_ARB_draw_buffers GL_ARB_fragment_program GL_ARB_fragment_shader GL_ARB_shader_objects GL_ARB_vertex_program GL_ARB_vertex_shader GL_ATI_draw_buffers GL_ATI_texture_env_combine3 GL_ATI_texture_float GL_EXT_shadow_funcs GL_EXT_stencil_wrap GL_MESA_pack_invert GL_NV_primitive_restart GL_ARB_depth_clamp GL_ARB_fragment_program_shadow GL_ARB_half_float_pixel GL_ARB_occlusion_query2 GL_ARB_point_sprite GL_ARB_shading_language_100 GL_ARB_sync GL_ARB_texture_non_power_of_two GL_ARB_vertex_buffer_object GL_ATI_blend_equation_separate GL_EXT_blend_equation_separate GL_OES_read_format GL_ARB_color_buffer_float GL_ARB_pixel_buffer_object GL_ARB_texture_compression_rgtc GL_ARB_texture_float GL_ARB_texture_rectangle GL_EXT_packed_float GL_EXT_pixel_buffer_object GL_EXT_texture_compression_dxt1 GL_EXT_texture_compression_rgtc GL_EXT_texture_rectangle GL_EXT_texture_sRGB GL_EXT_texture_shared_exponent GL_ARB_framebuffer_object GL_EXT_framebuffer_blit GL_EXT_packed_depth_stencil GL_APPLE_object_purgeable GL_ARB_vertex_array_object GL_ATI_separate_stencil GL_EXT_draw_buffers2 GL_EXT_draw_instanced GL_EXT_gpu_program_parameters GL_EXT_texture_array GL_EXT_texture_integer GL_EXT_texture_sRGB_decode GL_OES_EGL_image GL_ARB_copy_buffer GL_ARB_depth_buffer_float GL_ARB_draw_instanced GL_ARB_half_float_vertex GL_ARB_instanced_arrays GL_ARB_map_buffer_range GL_ARB_texture_rg GL_ARB_texture_swizzle GL_ARB_vertex_array_bgra GL_EXT_separate_shader_objects GL_EXT_texture_swizzle GL_EXT_vertex_array_bgra GL_NV_conditional_render GL_AMD_seamless_cubemap_per_texture GL_ARB_ES2_compatibility GL_ARB_debug_output GL_ARB_draw_elements_base_vertex GL_ARB_explicit_attrib_location GL_ARB_fragment_coord_conventions GL_ARB_provoking_vertex GL_ARB_sampler_objects GL_ARB_seamless_cube_map GL_ARB_shader_texture_lod GL_ARB_texture_rgb10_a2ui GL_ARB_vertex_type_2_10_10_10_rev GL_EXT_provoking_vertex GL_EXT_texture_snorm GL_MESA_texture_signed_rgba GL_ARB_get_program_binary GL_ARB_robustness GL_ARB_shader_bit_encoding GL_ANGLE_texture_compression_dxt3 GL_ANGLE_texture_compression_dxt5 GL_ARB_internalformat_query GL_ARB_map_buffer_alignment GL_ARB_texture_storage GL_AMD_shader_trinary_minmax GL_ARB_clear_buffer_object GL_ARB_invalidate_subdata GL_ARB_vertex_attrib_binding GL_KHR_debug GL_ARB_texture_mirror_clamp_to_edge
19:08:25 T:139733315532736  NOTICE: Running database version Addons16
19:08:25 T:139733315532736  NOTICE: Running database version ViewModes6
19:08:25 T:139733315532736  NOTICE: Running database version Textures13
19:08:25 T:139733315532736  NOTICE: Running database version MyMusic48
19:08:25 T:139733315532736  NOTICE: Running database version MyVideos90
19:08:25 T:139733315532736  NOTICE: Running database version TV26
19:08:25 T:139733315532736  NOTICE: Running database version Epg8
19:08:25 T:139733315532736  NOTICE: start dvd mediatype detection
19:08:25 T:139733315069696  NOTICE: Thread DetectDVDMedia start, auto delete: false
19:08:25 T:139733315532736 WARNING: JSONRPC: Could not parse type "PVR.Details.Channel"
19:08:25 T:139733315532736 WARNING: JSONRPC: Could not parse type "PVR.Details.ChannelGroup.Extended"
19:08:25 T:139733315532736 WARNING: JSONRPC: Could not parse type "GUI.Property.Value"
19:08:25 T:139733315532736 WARNING: JSONRPC: Could not parse type "Setting.Details.SettingList"
19:08:25 T:139733315532736  NOTICE: initialize done
19:08:25 T:139733315532736  NOTICE: Running the application...
19:08:25 T:139732521121536  NOTICE: Thread LanguageInvoker start, auto delete: false
19:08:25 T:139732521121536  NOTICE: -->Python Interpreter Initialized<--
19:08:26 T:139732493944576  NOTICE: Thread JobWorker start, auto delete: true
19:08:26 T:139733315532736  NOTICE: starting zeroconf publishing
19:08:26 T:139733315532736  NOTICE: ES: Starting event server
19:08:26 T:139732477159168  NOTICE: Thread EventServer start, auto delete: false
19:08:26 T:139732477159168  NOTICE: ES: Starting UDP Event server on 0.0.0.0:9777
19:08:26 T:139732477159168  NOTICE: UDP: Listening on port 9777
19:08:26 T:139732130461440  NOTICE: Thread TCPServer start, auto delete: false
19:08:26 T:139732801644288  NOTICE: Thread RSSReader start, auto delete: false
19:08:29 T:139732087457536  NOTICE: Thread FileCache start, auto delete: false
19:08:50 T:139732521121536  NOTICE: Previous line repeats 6 times.
19:08:50 T:139732521121536  NOTICE: Thread JobWorker start, auto delete: true
19:08:54 T:139732087457536  NOTICE: Thread LanguageInvoker start, auto delete: false
19:08:54 T:139732087457536  NOTICE: -->Python Interpreter Initialized<--
19:11:31 T:139732903347968  NOTICE: Thread JobWorker start, auto delete: true
19:11:34 T:139732493944576  NOTICE: Thread BackgroundLoader start, auto delete: false
19:11:56 T:139732493944576  NOTICE: Thread JobWorker start, auto delete: true
19:11:56 T:139732087457536  NOTICE: Thread BackgroundLoader start, auto delete: false
19:11:59 T:139732521121536  NOTICE: Thread FileCache start, auto delete: false
19:12:00 T:139732087457536  NOTICE: Previous line repeats 1 times.
19:12:00 T:139732087457536  NOTICE: Thread BackgroundLoader start, auto delete: false
19:12:07 T:139732493944576   ERROR: Repository  [COLOR lime][B]T[/B][/COLOR][COLOR white]otal[/COLOR][COLOR lime][B]R[/B][/COLOR][COLOR white]evolution[/COLOR] returned no add-ons, listing may have failed
19:12:07 T:139732521121536  NOTICE: Thread BackgroundLoader start, auto delete: false
19:12:38 T:139732521121536  NOTICE: Previous line repeats 6 times.
19:12:38 T:139732521121536  NOTICE: Thread JobWorker start, auto delete: true
19:12:56 T:139732087457536  NOTICE: Thread BackgroundLoader start, auto delete: false
19:14:49 T:139732903347968  NOTICE: Previous line repeats 1 times.
19:14:49 T:139732903347968  NOTICE: Thread JobWorker start, auto delete: true
19:14:52 T:139732521121536  NOTICE: Previous line repeats 1 times.
19:14:52 T:139732521121536  NOTICE: Thread BackgroundLoader start, auto delete: false
19:17:45 T:139732903347968  NOTICE: Thread JobWorker start, auto delete: true
19:17:45 T:139732493944576  NOTICE: Thread BackgroundLoader start, auto delete: false
19:17:57 T:139732521121536  NOTICE: Previous line repeats 2 times.
19:17:57 T:139732521121536  NOTICE: Thread JobWorker start, auto delete: true
19:18:57 T:139732592023296  NOTICE: Previous line repeats 2 times.
19:18:57 T:139732592023296  NOTICE: Thread BackgroundLoader start, auto delete: false
19:23:20 T:139732592023296  NOTICE: Previous line repeats 18 times.
19:23:20 T:139732592023296  NOTICE: Thread LanguageInvoker start, auto delete: false
19:23:20 T:139732592023296  NOTICE: -->Python Interpreter Initialized<--
19:23:20 T:139732592023296  NOTICE: Total Installer: 1.0.7
19:23:20 T:139732592023296  NOTICE: Mode: None
19:23:20 T:139732592023296  NOTICE: URL: None
19:23:20 T:139732592023296  NOTICE: Name: None
19:23:20 T:139732592023296  NOTICE: IconImage: None
19:23:20 T:139732592023296  NOTICE: Total Installer: 1.0.7
19:23:20 T:139732592023296  NOTICE: Mode: None
19:23:20 T:139732592023296  NOTICE: URL: None
19:23:20 T:139732592023296  NOTICE: Name: None
19:23:20 T:139732592023296  NOTICE: IconImage: None
19:23:20 T:139732592023296  NOTICE: Mode: None
19:23:20 T:139732592023296  NOTICE: URL: None
19:23:20 T:139732592023296  NOTICE: Name: None
19:23:20 T:139732592023296  NOTICE: IconImage: None
19:23:20 T:139732592023296  NOTICE: Addon ID: None
19:23:20 T:139732592023296  NOTICE: description: None
19:23:20 T:139732566845184  NOTICE: Thread BackgroundLoader start, auto delete: false
19:23:24 T:139732592023296  NOTICE: Thread LanguageInvoker start, auto delete: false
19:23:24 T:139732592023296  NOTICE: -->Python Interpreter Initialized<--
19:23:24 T:139732592023296  NOTICE: Total Installer: 1.0.7
19:23:24 T:139732592023296  NOTICE: Mode: popular
19:23:24 T:139732592023296  NOTICE: URL: none
19:23:24 T:139732592023296  NOTICE: Name: Install Popular Packs
19:23:24 T:139732592023296  NOTICE: IconImage: None
19:23:24 T:139732592023296  NOTICE: Total Installer: 1.0.7
19:23:24 T:139732592023296  NOTICE: Mode: popular
19:23:24 T:139732592023296  NOTICE: URL: none
19:23:24 T:139732592023296  NOTICE: Name: Install Popular Packs
19:23:24 T:139732592023296  NOTICE: IconImage: None
19:23:24 T:139732592023296  NOTICE: Mode: popular
19:23:24 T:139732592023296  NOTICE: URL: none
19:23:24 T:139732592023296  NOTICE: Name: Install Popular Packs
19:23:24 T:139732592023296  NOTICE: IconImage: None
19:23:24 T:139732592023296  NOTICE: Addon ID: None
19:23:24 T:139732592023296  NOTICE: description: None
19:23:26 T:139732592023296  NOTICE: Thread BackgroundLoader start, auto delete: false
19:23:33 T:139732566845184  NOTICE: Thread JobWorker start, auto delete: true
19:23:33 T:139732493944576  NOTICE: Thread LanguageInvoker start, auto delete: false
19:23:33 T:139732493944576  NOTICE: -->Python Interpreter Initialized<--
19:23:33 T:139732493944576  NOTICE: Total Installer: 1.0.7
19:23:33 T:139732493944576  NOTICE: Mode: None
19:23:33 T:139732493944576  NOTICE: URL: None
19:23:33 T:139732493944576  NOTICE: Name: None
19:23:33 T:139732493944576  NOTICE: IconImage: None
19:23:33 T:139732493944576  NOTICE: Total Installer: 1.0.7
19:23:33 T:139732493944576  NOTICE: Mode: None
19:23:33 T:139732493944576  NOTICE: URL: None
19:23:33 T:139732493944576  NOTICE: Name: None
19:23:33 T:139732493944576  NOTICE: IconImage: None
19:23:33 T:139732493944576  NOTICE: Mode: None
19:23:33 T:139732493944576  NOTICE: URL: None
19:23:33 T:139732493944576  NOTICE: Name: None
19:23:33 T:139732493944576  NOTICE: IconImage: None
19:23:33 T:139732493944576  NOTICE: Addon ID: None
19:23:33 T:139732493944576  NOTICE: description: None
19:23:33 T:139732575237888  NOTICE: Thread BackgroundLoader start, auto delete: false
19:23:38 T:139732592023296  NOTICE: Thread LanguageInvoker start, auto delete: false
19:23:38 T:139732592023296  NOTICE: -->Python Interpreter Initialized<--
19:23:38 T:139732592023296  NOTICE: Total Installer: 1.0.7
19:23:38 T:139732592023296  NOTICE: Mode: addonmenu
19:23:38 T:139732592023296  NOTICE: URL: none
19:23:38 T:139732592023296  NOTICE: Name: Search For Addons
19:23:38 T:139732592023296  NOTICE: IconImage: None
19:23:38 T:139732592023296  NOTICE: Total Installer: 1.0.7
19:23:38 T:139732592023296  NOTICE: Mode: addonmenu
19:23:38 T:139732592023296  NOTICE: URL: none
19:23:38 T:139732592023296  NOTICE: Name: Search For Addons
19:23:38 T:139732592023296  NOTICE: IconImage: None
19:23:38 T:139732592023296  NOTICE: Mode: addonmenu
19:23:38 T:139732592023296  NOTICE: URL: none
19:23:38 T:139732592023296  NOTICE: Name: Search For Addons
19:23:38 T:139732592023296  NOTICE: IconImage: None
19:23:38 T:139732592023296  NOTICE: Addon ID: None
19:23:38 T:139732592023296  NOTICE: description: None
19:23:38 T:139732493944576  NOTICE: Thread BackgroundLoader start, auto delete: false
19:23:43 T:139732592023296  NOTICE: Thread LanguageInvoker start, auto delete: false
19:23:43 T:139732592023296  NOTICE: -->Python Interpreter Initialized<--
19:23:43 T:139732592023296  NOTICE: Total Installer: 1.0.7
19:23:43 T:139732592023296  NOTICE: Mode: repolist
19:23:43 T:139732592023296  NOTICE: URL: http://addons.totalxbmc.com/category/repositories/
19:23:43 T:139732592023296  NOTICE: Name: Install Repositories
19:23:43 T:139732592023296  NOTICE: IconImage: None
19:23:43 T:139732592023296  NOTICE: Total Installer: 1.0.7
19:23:43 T:139732592023296  NOTICE: Mode: repolist
19:23:43 T:139732592023296  NOTICE: URL: http://addons.totalxbmc.com/category/repositories/
19:23:43 T:139732592023296  NOTICE: Name: Install Repositories
19:23:43 T:139732592023296  NOTICE: IconImage: None
19:23:43 T:139732592023296  NOTICE: Mode: repolist
19:23:43 T:139732592023296  NOTICE: URL: http://addons.totalxbmc.com/category/repositories/
19:23:43 T:139732592023296  NOTICE: Name: Install Repositories
19:23:43 T:139732592023296  NOTICE: IconImage: None
19:23:43 T:139732592023296  NOTICE: Addon ID: None
19:23:43 T:139732592023296  NOTICE: description: None
19:23:59 T:139732592023296  NOTICE: Thread BackgroundLoader start, auto delete: false
19:24:04 T:139732493944576  NOTICE: Thread LanguageInvoker start, auto delete: false
19:24:04 T:139732493944576  NOTICE: -->Python Interpreter Initialized<--
19:24:04 T:139732493944576  NOTICE: Total Installer: 1.0.7
19:24:04 T:139732493944576  NOTICE: Mode: addonindex
19:24:04 T:139732493944576  NOTICE: URL: http://addons.totalxbmc.com/show/repository.aj-addons/
19:24:04 T:139732493944576  NOTICE: Name: aj add-ons (new look)
19:24:04 T:139732493944576  NOTICE: IconImage: None
19:24:04 T:139732493944576  NOTICE: Total Installer: 1.0.7
19:24:04 T:139732493944576  NOTICE: Mode: addonindex
19:24:04 T:139732493944576  NOTICE: URL: http://addons.totalxbmc.com/show/repository.aj-addons/
19:24:04 T:139732493944576  NOTICE: Name: aj add-ons (new look)
19:24:04 T:139732493944576  NOTICE: IconImage: None
19:24:04 T:139732493944576  NOTICE: Mode: addonindex
19:24:04 T:139732493944576  NOTICE: URL: http://addons.totalxbmc.com/show/repository.aj-addons/
19:24:04 T:139732493944576  NOTICE: Name: aj add-ons (new look)
19:24:04 T:139732493944576  NOTICE: IconImage: None
19:24:04 T:139732493944576  NOTICE: Addon ID: None
19:24:04 T:139732493944576  NOTICE: description: None
19:24:10 T:139732493944576  NOTICE: Thread BackgroundLoader start, auto delete: false
19:24:27 T:139732493944576  NOTICE: Previous line repeats 1 times.
19:24:27 T:139732493944576  NOTICE: Thread LanguageInvoker start, auto delete: false
19:24:27 T:139732493944576  NOTICE: -->Python Interpreter Initialized<--
19:24:27 T:139732493944576  NOTICE: Total Installer: 1.0.7
19:24:27 T:139732493944576  NOTICE: Mode: addonmenu
19:24:27 T:139732493944576  NOTICE: URL: none
19:24:27 T:139732493944576  NOTICE: Name: Search For Addons
19:24:27 T:139732493944576  NOTICE: IconImage: None
19:24:27 T:139732493944576  NOTICE: Total Installer: 1.0.7
19:24:27 T:139732493944576  NOTICE: Mode: addonmenu
19:24:27 T:139732493944576  NOTICE: URL: none
19:24:27 T:139732493944576  NOTICE: Name: Search For Addons
19:24:27 T:139732493944576  NOTICE: IconImage: None
19:24:27 T:139732493944576  NOTICE: Mode: addonmenu
19:24:27 T:139732493944576  NOTICE: URL: none
19:24:27 T:139732493944576  NOTICE: Name: Search For Addons
19:24:27 T:139732493944576  NOTICE: IconImage: None
19:24:27 T:139732493944576  NOTICE: Addon ID: None
19:24:27 T:139732493944576  NOTICE: description: None
19:24:27 T:139732575237888  NOTICE: Thread BackgroundLoader start, auto delete: false
19:24:30 T:139732493944576  NOTICE: Thread LanguageInvoker start, auto delete: false
19:24:30 T:139732493944576  NOTICE: -->Python Interpreter Initialized<--
19:24:31 T:139732493944576  NOTICE: Total Installer: 1.0.7
19:24:31 T:139732493944576  NOTICE: Mode: categories
19:24:31 T:139732493944576  NOTICE: URL: none
19:24:31 T:139732493944576  NOTICE: Name: Search by XBMC Categories
19:24:31 T:139732493944576  NOTICE: IconImage: None
19:24:31 T:139732493944576  NOTICE: Total Installer: 1.0.7
19:24:31 T:139732493944576  NOTICE: Mode: categories
19:24:31 T:139732493944576  NOTICE: URL: none
19:24:31 T:139732493944576  NOTICE: Name: Search by XBMC Categories
19:24:31 T:139732493944576  NOTICE: IconImage: None
19:24:31 T:139732493944576  NOTICE: Mode: categories
19:24:31 T:139732493944576  NOTICE: URL: none
19:24:31 T:139732493944576  NOTICE: Name: Search by XBMC Categories
19:24:31 T:139732493944576  NOTICE: IconImage: None
19:24:31 T:139732493944576  NOTICE: Addon ID: None
19:24:31 T:139732493944576  NOTICE: description: None
19:24:31 T:139732575237888  NOTICE: Thread BackgroundLoader start, auto delete: false
19:24:34 T:139732575237888  NOTICE: Thread LanguageInvoker start, auto delete: false
19:24:34 T:139732575237888  NOTICE: -->Python Interpreter Initialized<--
19:24:34 T:139732575237888  NOTICE: Total Installer: 1.0.7
19:24:34 T:139732575237888  NOTICE: Mode: addonlist
19:24:34 T:139732575237888  NOTICE: URL: http://addons.totalxbmc.com/category/categories2/video/
19:24:34 T:139732575237888  NOTICE: Name: Video Addons
19:24:34 T:139732575237888  NOTICE: IconImage: None
19:24:34 T:139732575237888  NOTICE: Total Installer: 1.0.7
19:24:34 T:139732575237888  NOTICE: Mode: addonlist
19:24:34 T:139732575237888  NOTICE: URL: http://addons.totalxbmc.com/category/categories2/video/
19:24:34 T:139732575237888  NOTICE: Name: Video Addons
19:24:34 T:139732575237888  NOTICE: IconImage: None
19:24:34 T:139732575237888  NOTICE: Mode: addonlist
19:24:34 T:139732575237888  NOTICE: URL: http://addons.totalxbmc.com/category/categories2/video/
19:24:34 T:139732575237888  NOTICE: Name: Video Addons
19:24:34 T:139732575237888  NOTICE: IconImage: None
19:24:34 T:139732575237888  NOTICE: Addon ID: None
19:24:34 T:139732575237888  NOTICE: description: None
19:24:38 T:139732575237888  NOTICE: Thread BackgroundLoader start, auto delete: false
19:24:47 T:139732493944576  NOTICE: Thread LanguageInvoker start, auto delete: false
19:24:47 T:139732493944576  NOTICE: -->Python Interpreter Initialized<--
19:24:47 T:139732493944576  NOTICE: Total Installer: 1.0.7
19:24:47 T:139732493944576  NOTICE: Mode: categories
19:24:47 T:139732493944576  NOTICE: URL: none
19:24:47 T:139732493944576  NOTICE: Name: Search by XBMC Categories
19:24:47 T:139732493944576  NOTICE: IconImage: None
19:24:47 T:139732493944576  NOTICE: Total Installer: 1.0.7
19:24:47 T:139732493944576  NOTICE: Mode: categories
19:24:47 T:139732493944576  NOTICE: URL: none
19:24:47 T:139732493944576  NOTICE: Name: Search by XBMC Categories
19:24:47 T:139732493944576  NOTICE: IconImage: None
19:24:47 T:139732493944576  NOTICE: Mode: categories
19:24:47 T:139732493944576  NOTICE: URL: none
19:24:47 T:139732493944576  NOTICE: Name: Search by XBMC Categories
19:24:47 T:139732493944576  NOTICE: IconImage: None
19:24:47 T:139732493944576  NOTICE: Addon ID: None
19:24:47 T:139732493944576  NOTICE: description: None
19:24:47 T:139732575237888  NOTICE: Thread BackgroundLoader start, auto delete: false
19:24:51 T:139732575237888  NOTICE: Thread LanguageInvoker start, auto delete: false
19:24:51 T:139732575237888  NOTICE: -->Python Interpreter Initialized<--
19:24:51 T:139732575237888  NOTICE: Total Installer: 1.0.7
19:24:51 T:139732575237888  NOTICE: Mode: addonmenu
19:24:51 T:139732575237888  NOTICE: URL: none
19:24:51 T:139732575237888  NOTICE: Name: Search For Addons
19:24:51 T:139732575237888  NOTICE: IconImage: None
19:24:51 T:139732575237888  NOTICE: Total Installer: 1.0.7
19:24:51 T:139732575237888  NOTICE: Mode: addonmenu
19:24:51 T:139732575237888  NOTICE: URL: none
19:24:51 T:139732575237888  NOTICE: Name: Search For Addons
19:24:51 T:139732575237888  NOTICE: IconImage: None
19:24:51 T:139732575237888  NOTICE: Mode: addonmenu
19:24:51 T:139732575237888  NOTICE: URL: none
19:24:51 T:139732575237888  NOTICE: Name: Search For Addons
19:24:51 T:139732575237888  NOTICE: IconImage: None
19:24:51 T:139732575237888  NOTICE: Addon ID: None
19:24:51 T:139732575237888  NOTICE: description: None
19:24:51 T:139732493944576  NOTICE: Thread BackgroundLoader start, auto delete: false
19:24:54 T:139732575237888  NOTICE: Thread LanguageInvoker start, auto delete: false
19:24:54 T:139732575237888  NOTICE: -->Python Interpreter Initialized<--
19:24:54 T:139732575237888  NOTICE: Total Installer: 1.0.7
19:24:54 T:139732575237888  NOTICE: Mode: searchaddon
19:24:54 T:139732575237888  NOTICE: URL: http://addons.totalxbmc.com/search/?keyword=
19:24:54 T:139732575237888  NOTICE: Name: Manual Search
19:24:54 T:139732575237888  NOTICE: IconImage: None
19:24:54 T:139732575237888  NOTICE: Total Installer: 1.0.7
19:24:54 T:139732575237888  NOTICE: Mode: searchaddon
19:24:54 T:139732575237888  NOTICE: URL: http://addons.totalxbmc.com/search/?keyword=
19:24:54 T:139732575237888  NOTICE: Name: Manual Search
19:24:54 T:139732575237888  NOTICE: IconImage: None
19:24:54 T:139732575237888  NOTICE: Mode: searchaddon
19:24:54 T:139732575237888  NOTICE: URL: http://addons.totalxbmc.com/search/?keyword=
19:24:54 T:139732575237888  NOTICE: Name: Manual Search
19:24:54 T:139732575237888  NOTICE: IconImage: None
19:24:54 T:139732575237888  NOTICE: Addon ID: None
19:24:54 T:139732575237888  NOTICE: description: None
19:24:54 T:139732575237888  NOTICE: http://addons.totalxbmc.com/search/?keyword=
19:25:03 T:139732575237888  NOTICE: Searching URL: http://addons.totalxbmc.com/search/?keyword=sportsdevil&criteria=title
19:25:05 T:139732493944576  NOTICE: Thread BackgroundLoader start, auto delete: false
19:25:08 T:139732493944576  NOTICE: Thread LanguageInvoker start, auto delete: false
19:25:08 T:139732493944576  NOTICE: -->Python Interpreter Initialized<--
19:25:08 T:139732493944576  NOTICE: Total Installer: 1.0.7
19:25:08 T:139732493944576  NOTICE: Mode: addonindex
19:25:08 T:139732493944576  NOTICE: URL: http://addons.totalxbmc.com/show/plugin.video.SportsDevil/
19:25:08 T:139732493944576  NOTICE: Name: SportsDevil
19:25:08 T:139732493944576  NOTICE: IconImage: None
19:25:08 T:139732493944576  NOTICE: Total Installer: 1.0.7
19:25:08 T:139732493944576  NOTICE: Mode: addonindex
19:25:08 T:139732493944576  NOTICE: URL: http://addons.totalxbmc.com/show/plugin.video.SportsDevil/
19:25:08 T:139732493944576  NOTICE: Name: SportsDevil
19:25:08 T:139732493944576  NOTICE: IconImage: None
19:25:08 T:139732493944576  NOTICE: Mode: addonindex
19:25:08 T:139732493944576  NOTICE: URL: http://addons.totalxbmc.com/show/plugin.video.SportsDevil/
19:25:08 T:139732493944576  NOTICE: Name: SportsDevil
19:25:08 T:139732493944576  NOTICE: IconImage: None
19:25:08 T:139732493944576  NOTICE: Addon ID: None
19:25:08 T:139732493944576  NOTICE: description: None
19:25:13 T:139732493944576  NOTICE: Thread BackgroundLoader start, auto delete: false
19:25:17 T:139732493944576  NOTICE: Thread LanguageInvoker start, auto delete: false
19:25:17 T:139732493944576  NOTICE: -->Python Interpreter Initialized<--
19:25:17 T:139732493944576  NOTICE: Total Installer: 1.0.7
19:25:17 T:139732493944576  NOTICE: Mode: addoninstall
19:25:17 T:139732493944576  NOTICE: URL: http://repo.dooremolen.com/addons/repo/plugin.video.SportsDevil/plugin.video.SportsDevil-1.8.8.0.zip
19:25:17 T:139732493944576  NOTICE: Name: Install SportsDevil
19:25:17 T:139732493944576  NOTICE: IconImage: None
19:25:17 T:139732493944576  NOTICE: Total Installer: 1.0.7
19:25:17 T:139732493944576  NOTICE: Mode: addoninstall
19:25:17 T:139732493944576  NOTICE: URL: http://repo.dooremolen.com/addons/repo/plugin.video.SportsDevil/plugin.video.SportsDevil-1.8.8.0.zip
19:25:17 T:139732493944576  NOTICE: Name: Install SportsDevil
19:25:17 T:139732493944576  NOTICE: IconImage: None
19:25:17 T:139732493944576  NOTICE: Mode: addoninstall
19:25:17 T:139732493944576  NOTICE: URL: http://repo.dooremolen.com/addons/repo/plugin.video.SportsDevil/plugin.video.SportsDevil-1.8.8.0.zip
19:25:17 T:139732493944576  NOTICE: Name: Install SportsDevil
19:25:17 T:139732493944576  NOTICE: IconImage: None
19:25:17 T:139732493944576  NOTICE: Addon ID: None
19:25:17 T:139732493944576  NOTICE: description: None
19:25:17 T:139732493944576  NOTICE: Installing Url : http://repo.dooremolen.com/addons/repo/plugin.video.SportsDevil/plugin.video.SportsDevil-1.8.8.0.zip
19:25:26 T:139732493944576   ERROR: EXCEPTION Thrown (PythonToCppException) : -->Python callback/script returned the following error<--
                                             - NOTE: IGNORING THIS CAN LEAD TO MEMORY LEAKS!
                                            Error Type: <class 'zipfile.BadZipfile'>
                                            Error Contents: File is not a zip file
                                            Traceback (most recent call last):
                                              File "/home/anupam/.kodi/addons/plugin.program.totalinstaller/default.py", line 859, in <module>
                                                elif mode == 'addoninstall'       : ADDONINSTALL(name, url, type, repo, author)
                                              File "/home/anupam/.kodi/addons/plugin.program.totalinstaller/default.py", line 561, in ADDONINSTALL
                                                extract.all(lib, addonfolder, dp)
                                              File "/home/anupam/.kodi/addons/plugin.program.totalinstaller/extract.py", line 5, in all
                                                return allWithProgress(_in, _out, dp)
                                              File "/home/anupam/.kodi/addons/plugin.program.totalinstaller/extract.py", line 23, in allWithProgress
                                                zin = zipfile.ZipFile(_in,  'r')
                                              File "/usr/lib/python2.7/zipfile.py", line 770, in __init__
                                                self._RealGetContents()
                                              File "/usr/lib/python2.7/zipfile.py", line 811, in _RealGetContents
                                                raise BadZipfile, "File is not a zip file"
                                            BadZipfile: File is not a zip file
                                            -->End of Python script error report<--
19:25:26 T:139732911740672  NOTICE: PulseAudio: Opened device Default in pcm mode with Buffersize 150 ms
19:25:26 T:139733315532736   ERROR: GetDirectory - Error getting plugin://plugin.program.totalinstaller/?filetype=addon&mode=addoninstall&name=Install%20SportsDevil&repourl=http%3a%2f%2frepo.dooremolen.com%2faddons%2frepo%2frepository.janlul%2frepository.repojanlul-1.0.0.zip&url=http%3a%2f%2frepo.dooremolen.com%2faddons%2frepo%2fplugin.video.SportsDevil%2fplugin.video.SportsDevil-1.8.8.0.zip
19:25:26 T:139733315532736   ERROR: CGUIMediaWindow::GetDirectory(plugin://plugin.program.totalinstaller/?filetype=addon&mode=addoninstall&name=Install%20SportsDevil&repourl=http%3a%2f%2frepo.dooremolen.com%2faddons%2frepo%2frepository.janlul%2frepository.repojanlul-1.0.0.zip&url=http%3a%2f%2frepo.dooremolen.com%2faddons%2frepo%2fplugin.video.SportsDevil%2fplugin.video.SportsDevil-1.8.8.0.zip) failed
19:25:26 T:139732548847360  NOTICE: Thread BackgroundLoader start, auto delete: false
19:25:33 T:139732548847360  NOTICE: Previous line repeats 1 times.
19:25:33 T:139732548847360  NOTICE: Thread LanguageInvoker start, auto delete: false
19:25:33 T:139732548847360  NOTICE: -->Python Interpreter Initialized<--
19:25:33 T:139732548847360  NOTICE: Total Installer: 1.0.7
19:25:33 T:139732548847360  NOTICE: Mode: addonindex
19:25:33 T:139732548847360  NOTICE: URL: http://addons.totalxbmc.com/show/repository.SportsDevil/
19:25:33 T:139732548847360  NOTICE: Name: SportsDevil repository
19:25:33 T:139732548847360  NOTICE: IconImage: None
19:25:33 T:139732548847360  NOTICE: Total Installer: 1.0.7
19:25:33 T:139732548847360  NOTICE: Mode: addonindex
19:25:33 T:139732548847360  NOTICE: URL: http://addons.totalxbmc.com/show/repository.SportsDevil/
19:25:33 T:139732548847360  NOTICE: Name: SportsDevil repository
19:25:33 T:139732548847360  NOTICE: IconImage: None
19:25:33 T:139732548847360  NOTICE: Mode: addonindex
19:25:33 T:139732548847360  NOTICE: URL: http://addons.totalxbmc.com/show/repository.SportsDevil/
19:25:33 T:139732548847360  NOTICE: Name: SportsDevil repository
19:25:33 T:139732548847360  NOTICE: IconImage: None
19:25:33 T:139732548847360  NOTICE: Addon ID: None
19:25:33 T:139732548847360  NOTICE: description: None
19:25:40 T:139732548847360  NOTICE: Thread BackgroundLoader start, auto delete: false
19:25:42 T:139732548847360  NOTICE: Thread LanguageInvoker start, auto delete: false
19:25:42 T:139732548847360  NOTICE: -->Python Interpreter Initialized<--
19:25:42 T:139732548847360  NOTICE: Total Installer: 1.0.7
19:25:42 T:139732548847360  NOTICE: Mode: addoninstall
19:25:42 T:139732548847360  NOTICE: URL: None
19:25:42 T:139732548847360  NOTICE: Name: Install SportsDevil repository
19:25:42 T:139732548847360  NOTICE: IconImage: None
19:25:42 T:139732548847360  NOTICE: Total Installer: 1.0.7
19:25:42 T:139732548847360  NOTICE: Mode: addoninstall
19:25:42 T:139732548847360  NOTICE: URL: None
19:25:42 T:139732548847360  NOTICE: Name: Install SportsDevil repository
19:25:42 T:139732548847360  NOTICE: IconImage: None
19:25:42 T:139732548847360  NOTICE: Mode: addoninstall
19:25:42 T:139732548847360  NOTICE: URL: None
19:25:42 T:139732548847360  NOTICE: Name: Install SportsDevil repository
19:25:42 T:139732548847360  NOTICE: IconImage: None
19:25:42 T:139732548847360  NOTICE: Addon ID: None
19:25:42 T:139732548847360  NOTICE: description: None
19:25:42 T:139732548847360  NOTICE: Installing Url :
19:25:46 T:139732548847360   ERROR: EXCEPTION Thrown (PythonToCppException) : -->Python callback/script returned the following error<--
                                             - NOTE: IGNORING THIS CAN LEAD TO MEMORY LEAKS!
                                            Error Type: <type 'exceptions.IOError'>
                                            Error Contents: [Errno 2] No such file or directory: ''
                                            Traceback (most recent call last):
                                              File "/home/anupam/.kodi/addons/plugin.program.totalinstaller/default.py", line 859, in <module>
                                                elif mode == 'addoninstall'       : ADDONINSTALL(name, url, type, repo, author)
                                              File "/home/anupam/.kodi/addons/plugin.program.totalinstaller/default.py", line 540, in ADDONINSTALL
                                                downloader.download(url, lib, dp)
                                              File "/home/anupam/.kodi/addons/plugin.program.totalinstaller/downloader.py", line 9, in download
                                                urllib.urlretrieve(url,dest,lambda nb, bs, fs, url=url: _pbhook(nb,bs,fs,url,dp))
                                              File "/usr/lib/python2.7/urllib.py", line 94, in urlretrieve
                                                return _urlopener.retrieve(url, filename, reporthook, data)
                                              File "/usr/lib/python2.7/urllib.py", line 240, in retrieve
                                                fp = self.open(url, data)
                                              File "/usr/lib/python2.7/urllib.py", line 208, in open
                                                return getattr(self, name)(url)
                                              File "/usr/lib/python2.7/urllib.py", line 463, in open_file
                                                return self.open_local_file(url)
                                              File "/usr/lib/python2.7/urllib.py", line 477, in open_local_file
                                                raise IOError(e.errno, e.strerror, e.filename)
                                            IOError: [Errno 2] No such file or directory: ''
                                            -->End of Python script error report<--
19:25:46 T:139733315532736   ERROR: GetDirectory - Error getting plugin://plugin.program.totalinstaller/?filetype=addon&mode=addoninstall&name=Install%20SportsDevil%20repository&repourl=none&url
19:25:46 T:139733315532736   ERROR: CGUIMediaWindow::GetDirectory(plugin://plugin.program.totalinstaller/?filetype=addon&mode=addoninstall&name=Install%20SportsDevil%20repository&repourl=none&url) failed
19:25:46 T:139732548847360  NOTICE: Thread BackgroundLoader start, auto delete: false
19:25:50 T:139732548847360  NOTICE: Thread LanguageInvoker start, auto delete: false
19:25:50 T:139732548847360  NOTICE: -->Python Interpreter Initialized<--
19:25:50 T:139732548847360  NOTICE: Total Installer: 1.0.7
19:25:50 T:139732548847360  NOTICE: Mode: installerror
19:25:50 T:139732548847360  NOTICE: URL: none
19:25:50 T:139732548847360  NOTICE: Name: [COLOR=red]Having problems installing?[/COLOR]
19:25:50 T:139732548847360  NOTICE: IconImage: None
19:25:50 T:139732548847360  NOTICE: Total Installer: 1.0.7
19:25:50 T:139732548847360  NOTICE: Mode: installerror
19:25:50 T:139732548847360  NOTICE: URL: none
19:25:50 T:139732548847360  NOTICE: Name: [COLOR=red]Having problems installing?[/COLOR]
19:25:50 T:139732548847360  NOTICE: IconImage: None
19:25:50 T:139732548847360  NOTICE: Mode: installerror
19:25:50 T:139732548847360  NOTICE: URL: none
19:25:50 T:139732548847360  NOTICE: Name: [COLOR=red]Having problems installing?[/COLOR]
19:25:50 T:139732548847360  NOTICE: IconImage: None
19:25:50 T:139732548847360  NOTICE: Addon ID: None
19:25:50 T:139732548847360  NOTICE: description: None
19:25:55 T:139732548847360  NOTICE: Thread BackgroundLoader start, auto delete: false
19:26:02 T:139732548847360  NOTICE: Previous line repeats 2 times.
19:26:02 T:139732548847360  NOTICE: Thread LanguageInvoker start, auto delete: false
19:26:02 T:139732548847360  NOTICE: -->Python Interpreter Initialized<--
19:26:02 T:139732548847360  NOTICE: Total Installer: 1.0.7
19:26:02 T:139732548847360  NOTICE: Mode: addonindex
19:26:02 T:139732548847360  NOTICE: URL: http://addons.totalxbmc.com/show/script.sportsdevilfixes/
19:26:02 T:139732548847360  NOTICE: Name: SportsDevil Fixes
19:26:02 T:139732548847360  NOTICE: IconImage: None
19:26:02 T:139732548847360  NOTICE: Total Installer: 1.0.7
19:26:02 T:139732548847360  NOTICE: Mode: addonindex
19:26:02 T:139732548847360  NOTICE: URL: http://addons.totalxbmc.com/show/script.sportsdevilfixes/
19:26:02 T:139732548847360  NOTICE: Name: SportsDevil Fixes
19:26:02 T:139732548847360  NOTICE: IconImage: None
19:26:02 T:139732548847360  NOTICE: Mode: addonindex
19:26:02 T:139732548847360  NOTICE: URL: http://addons.totalxbmc.com/show/script.sportsdevilfixes/
19:26:02 T:139732548847360  NOTICE: Name: SportsDevil Fixes
19:26:02 T:139732548847360  NOTICE: IconImage: None
19:26:02 T:139732548847360  NOTICE: Addon ID: None
19:26:02 T:139732548847360  NOTICE: description: None
19:26:07 T:139732548847360  NOTICE: Thread BackgroundLoader start, auto delete: false
19:26:11 T:139732548847360  NOTICE: Thread LanguageInvoker start, auto delete: false
19:26:11 T:139732548847360  NOTICE: -->Python Interpreter Initialized<--
19:26:11 T:139732548847360  NOTICE: Total Installer: 1.0.7
19:26:11 T:139732548847360  NOTICE: Mode: addoninstall
19:26:11 T:139732548847360  NOTICE: URL: None
19:26:11 T:139732548847360  NOTICE: Name: Install SportsDevil Fixes
19:26:11 T:139732548847360  NOTICE: IconImage: None
19:26:11 T:139732548847360  NOTICE: Total Installer: 1.0.7
19:26:11 T:139732548847360  NOTICE: Mode: addoninstall
19:26:11 T:139732548847360  NOTICE: URL: None
19:26:11 T:139732548847360  NOTICE: Name: Install SportsDevil Fixes
19:26:11 T:139732548847360  NOTICE: IconImage: None
19:26:11 T:139732548847360  NOTICE: Mode: addoninstall
19:26:11 T:139732548847360  NOTICE: URL: None
19:26:11 T:139732548847360  NOTICE: Name: Install SportsDevil Fixes
19:26:11 T:139732548847360  NOTICE: IconImage: None
19:26:11 T:139732548847360  NOTICE: Addon ID: None
19:26:11 T:139732548847360  NOTICE: description: None
19:26:11 T:139732548847360  NOTICE: Installing Url :
19:26:16 T:139732548847360  NOTICE: Thread BackgroundLoader start, auto delete: false
19:26:20 T:139732575237888  NOTICE: Previous line repeats 2 times.
19:26:20 T:139732575237888  NOTICE: Thread LanguageInvoker start, auto delete: false
19:26:20 T:139732575237888  NOTICE: -->Python Interpreter Initialized<--
19:26:20 T:139732575237888  NOTICE: Total Installer: 1.0.7
19:26:20 T:139732575237888  NOTICE: Mode: addonmenu
19:26:20 T:139732575237888  NOTICE: URL: none
19:26:20 T:139732575237888  NOTICE: Name: Search For Addons
19:26:20 T:139732575237888  NOTICE: IconImage: None
19:26:21 T:139732575237888  NOTICE: Total Installer: 1.0.7
19:26:21 T:139732575237888  NOTICE: Mode: addonmenu
19:26:21 T:139732575237888  NOTICE: URL: none
19:26:21 T:139732575237888  NOTICE: Name: Search For Addons
19:26:21 T:139732575237888  NOTICE: IconImage: None
19:26:21 T:139732575237888  NOTICE: Mode: addonmenu
19:26:21 T:139732575237888  NOTICE: URL: none
19:26:21 T:139732575237888  NOTICE: Name: Search For Addons
19:26:21 T:139732575237888  NOTICE: IconImage: None
19:26:21 T:139732575237888  NOTICE: Addon ID: None
19:26:21 T:139732575237888  NOTICE: description: None
19:26:21 T:139732548847360  NOTICE: Thread BackgroundLoader start, auto delete: false
19:26:24 T:139732575237888  NOTICE: Thread LanguageInvoker start, auto delete: false
19:26:24 T:139732575237888  NOTICE: -->Python Interpreter Initialized<--
19:26:24 T:139732575237888  NOTICE: Total Installer: 1.0.7
19:26:24 T:139732575237888  NOTICE: Mode: None
19:26:24 T:139732575237888  NOTICE: URL: None
19:26:24 T:139732575237888  NOTICE: Name: None
19:26:24 T:139732575237888  NOTICE: IconImage: None
19:26:24 T:139732575237888  NOTICE: Total Installer: 1.0.7
19:26:24 T:139732575237888  NOTICE: Mode: None
19:26:24 T:139732575237888  NOTICE: URL: None
19:26:24 T:139732575237888  NOTICE: Name: None
19:26:24 T:139732575237888  NOTICE: IconImage: None
19:26:24 T:139732575237888  NOTICE: Mode: None
19:26:24 T:139732575237888  NOTICE: URL: None
19:26:24 T:139732575237888  NOTICE: Name: None
19:26:24 T:139732575237888  NOTICE: IconImage: None
19:26:24 T:139732575237888  NOTICE: Addon ID: None
19:26:24 T:139732575237888  NOTICE: description: None
19:26:24 T:139732592023296  NOTICE: Thread BackgroundLoader start, auto delete: false
19:26:28 T:139732548847360  NOTICE: Thread LanguageInvoker start, auto delete: false
19:26:28 T:139732548847360  NOTICE: -->Python Interpreter Initialized<--
19:26:28 T:139732548847360  NOTICE: Total Installer: 1.0.7
19:26:28 T:139732548847360  NOTICE: Mode: popular
19:26:28 T:139732548847360  NOTICE: URL: none
19:26:28 T:139732548847360  NOTICE: Name: Install Popular Packs
19:26:28 T:139732548847360  NOTICE: IconImage: None
19:26:28 T:139732548847360  NOTICE: Total Installer: 1.0.7
19:26:28 T:139732548847360  NOTICE: Mode: popular
19:26:28 T:139732548847360  NOTICE: URL: none
19:26:28 T:139732548847360  NOTICE: Name: Install Popular Packs
19:26:28 T:139732548847360  NOTICE: IconImage: None
19:26:28 T:139732548847360  NOTICE: Mode: popular
19:26:28 T:139732548847360  NOTICE: URL: none
19:26:28 T:139732548847360  NOTICE: Name: Install Popular Packs
19:26:28 T:139732548847360  NOTICE: IconImage: None
19:26:28 T:139732548847360  NOTICE: Addon ID: None
19:26:28 T:139732548847360  NOTICE: description: None
19:26:29 T:139732575237888  NOTICE: Thread BackgroundLoader start, auto delete: false
19:26:32 T:139732592023296  NOTICE: Thread LanguageInvoker start, auto delete: false
19:26:32 T:139732592023296  NOTICE: -->Python Interpreter Initialized<--
19:26:32 T:139732592023296  NOTICE: Total Installer: 1.0.7
19:26:32 T:139732592023296  NOTICE: Mode: popularwizard
19:26:32 T:139732592023296  NOTICE: URL: https://ia902709.us.archive.org/20/items/uk_pack/uk_pack.zip
19:26:32 T:139732592023296  NOTICE: Name: UK Pack
19:26:32 T:139732592023296  NOTICE: IconImage: http://totalxbmc.com/playground/uk.png
19:26:46 T:139732592023296  NOTICE: Total Installer: 1.0.7
19:26:46 T:139732592023296  NOTICE: Mode: popularwizard
19:26:46 T:139732592023296  NOTICE: URL: https://ia902709.us.archive.org/20/items/uk_pack/uk_pack.zip
19:26:46 T:139732592023296  NOTICE: Name: UK Pack
19:26:46 T:139732592023296  NOTICE: IconImage: http://totalxbmc.com/playground/uk.png
19:26:46 T:139732592023296  NOTICE: Mode: popularwizard
19:26:46 T:139732592023296  NOTICE: URL: https://ia902709.us.archive.org/20/items/uk_pack/uk_pack.zip
19:26:46 T:139732592023296  NOTICE: Name: UK Pack
19:26:46 T:139732592023296  NOTICE: IconImage: http://totalxbmc.com/playground/uk.png
19:26:46 T:139732592023296  NOTICE: Addon ID: None
19:26:46 T:139732592023296  NOTICE: description: Video Addons: iplayer, BBC iplayer, F.T.V.[CR]Audio Addons: Kool London, ListenLive.EU, UK Radio
19:26:46 T:139732592023296 WARNING: Attempt to use invalid handle -1
19:26:48 T:139732122068736  NOTICE: Thread FileCache start, auto delete: false
19:26:59 T:139732575237888  NOTICE: Previous line repeats 3 times.
19:26:59 T:139732575237888  NOTICE: Thread BackgroundLoader start, auto delete: false
19:27:04 T:139732903347968  NOTICE: Previous line repeats 1 times.
19:27:04 T:139732903347968   ERROR: CCurlFile::FillBuffer - Failed: Timeout was reached(28)
19:27:04 T:139732903347968   ERROR: CCurlFile::CReadState::Connect, didn't get any data from stream.
19:27:04 T:139732903347968   ERROR: Open - failed to open source <http://xty.me/xunitytalk/addons/addons.xml.md5>
19:27:20 T:139732575237888  NOTICE: Thread FileCache start, auto delete: false
19:27:26 T:139732493944576  NOTICE: Previous line repeats 4 times.
19:27:26 T:139732493944576  NOTICE: Thread BackgroundLoader start, auto delete: false
19:27:27 T:139732493944576  NOTICE: Thread FileCache start, auto delete: false
19:27:36 T:139732122068736  NOTICE: Previous line repeats 3 times.
19:27:36 T:139732122068736  NOTICE: Thread LanguageInvoker start, auto delete: false
19:27:36 T:139732122068736  NOTICE: Previous line repeats 1 times.
19:27:36 T:139732122068736  NOTICE: -->Python Interpreter Initialized<--
19:27:36 T:139732122068736  NOTICE: Previous line repeats 1 times.
19:27:36 T:139732122068736  NOTICE: Total Installer: 1.0.7
19:27:36 T:139732122068736  NOTICE: Mode: popular
19:27:36 T:139732122068736  NOTICE: URL: none
19:27:36 T:139732122068736  NOTICE: Name: Install Popular Packs
19:27:36 T:139732122068736  NOTICE: IconImage: None
19:27:36 T:139732122068736  NOTICE: Total Installer: 1.0.7
19:27:36 T:139732122068736  NOTICE: Mode: popular
19:27:36 T:139732122068736  NOTICE: URL: none
19:27:36 T:139732122068736  NOTICE: Name: Install Popular Packs
19:27:36 T:139732122068736  NOTICE: IconImage: None
19:27:36 T:139732122068736  NOTICE: Mode: popular
19:27:36 T:139732122068736  NOTICE: URL: none
19:27:36 T:139732122068736  NOTICE: Name: Install Popular Packs
19:27:36 T:139732122068736  NOTICE: IconImage: None
19:27:36 T:139732122068736  NOTICE: Addon ID: None
19:27:36 T:139732122068736  NOTICE: description: None
19:27:36 T:139732493944576  NOTICE: Total Installer: 1.0.7
19:27:36 T:139732493944576  NOTICE: Mode: popular
19:27:36 T:139732493944576  NOTICE: URL: none
19:27:36 T:139732493944576  NOTICE: Name: Install Popular Packs
19:27:36 T:139732493944576  NOTICE: IconImage: None
19:27:36 T:139732493944576  NOTICE: Total Installer: 1.0.7
19:27:36 T:139732493944576  NOTICE: Mode: popular
19:27:36 T:139732493944576  NOTICE: URL: none
19:27:36 T:139732493944576  NOTICE: Name: Install Popular Packs
19:27:36 T:139732493944576  NOTICE: IconImage: None
19:27:36 T:139732493944576  NOTICE: Mode: popular
19:27:36 T:139732493944576  NOTICE: URL: none
19:27:36 T:139732493944576  NOTICE: Name: Install Popular Packs
19:27:36 T:139732493944576  NOTICE: IconImage: None
19:27:36 T:139732493944576  NOTICE: Addon ID: None
19:27:36 T:139732493944576  NOTICE: description: None
19:27:38 T:139732122068736  NOTICE: Thread BackgroundLoader start, auto delete: false
19:27:41 T:139732493944576  NOTICE: Previous line repeats 1 times.
19:27:41 T:139732493944576  NOTICE: Thread FileCache start, auto delete: false
19:27:41 T:139732493944576  NOTICE: Thread LanguageInvoker start, auto delete: false
19:27:41 T:139732493944576  NOTICE: -->Python Interpreter Initialized<--
19:27:42 T:139732493944576  NOTICE: Total Installer: 1.0.7
19:27:42 T:139732493944576  NOTICE: Mode: None
19:27:42 T:139732493944576  NOTICE: URL: None
19:27:42 T:139732493944576  NOTICE: Name: None
19:27:42 T:139732493944576  NOTICE: IconImage: None
19:27:42 T:139732493944576  NOTICE: Total Installer: 1.0.7
19:27:42 T:139732493944576  NOTICE: Mode: None
19:27:42 T:139732493944576  NOTICE: URL: None
19:27:42 T:139732493944576  NOTICE: Name: None
19:27:42 T:139732493944576  NOTICE: IconImage: None
19:27:42 T:139732493944576  NOTICE: Mode: None
19:27:42 T:139732493944576  NOTICE: URL: None
19:27:42 T:139732493944576  NOTICE: Name: None
19:27:42 T:139732493944576  NOTICE: IconImage: None
19:27:42 T:139732493944576  NOTICE: Addon ID: None
19:27:42 T:139732493944576  NOTICE: description: None
19:27:42 T:139732575237888  NOTICE: Thread BackgroundLoader start, auto delete: false
19:27:44 T:139732122068736  NOTICE: Thread LanguageInvoker start, auto delete: false
19:27:44 T:139732122068736  NOTICE: -->Python Interpreter Initialized<--
19:27:44 T:139732122068736  NOTICE: Total Installer: 1.0.7
19:27:44 T:139732122068736  NOTICE: Mode: None
19:27:44 T:139732122068736  NOTICE: URL: None
19:27:44 T:139732122068736  NOTICE: Name: None
19:27:44 T:139732122068736  NOTICE: IconImage: None
19:27:44 T:139732122068736  NOTICE: Total Installer: 1.0.7
19:27:44 T:139732122068736  NOTICE: Mode: None
19:27:44 T:139732122068736  NOTICE: URL: None
19:27:44 T:139732122068736  NOTICE: Name: None
19:27:44 T:139732122068736  NOTICE: IconImage: None
19:27:44 T:139732122068736  NOTICE: Mode: None
19:27:44 T:139732122068736  NOTICE: URL: None
19:27:44 T:139732122068736  NOTICE: Name: None
19:27:44 T:139732122068736  NOTICE: IconImage: None
19:27:44 T:139732122068736  NOTICE: Addon ID: None
19:27:44 T:139732122068736  NOTICE: description: None
19:27:44 T:139732575237888  NOTICE: Thread BackgroundLoader start, auto delete: false
19:27:44 T:139732122068736  NOTICE: Thread LanguageInvoker start, auto delete: false
19:27:44 T:139732122068736  NOTICE: -->Python Interpreter Initialized<--
19:27:44 T:139732122068736  NOTICE: Total Installer: 1.0.7
19:27:44 T:139732122068736  NOTICE: Mode: None
19:27:44 T:139732122068736  NOTICE: URL: None
19:27:44 T:139732122068736  NOTICE: Name: None
19:27:44 T:139732122068736  NOTICE: IconImage: None
19:27:44 T:139732122068736  NOTICE: Total Installer: 1.0.7
19:27:44 T:139732122068736  NOTICE: Mode: None
19:27:44 T:139732122068736  NOTICE: URL: None
19:27:44 T:139732122068736  NOTICE: Name: None
19:27:44 T:139732122068736  NOTICE: IconImage: None
19:27:44 T:139732122068736  NOTICE: Mode: None
19:27:44 T:139732122068736  NOTICE: URL: None
19:27:44 T:139732122068736  NOTICE: Name: None
19:27:44 T:139732122068736  NOTICE: IconImage: None
19:27:44 T:139732122068736  NOTICE: Addon ID: None
19:27:44 T:139732122068736  NOTICE: description: None
19:27:44 T:139732575237888  NOTICE: Thread BackgroundLoader start, auto delete: false
19:27:44 T:139732592023296  NOTICE: Thread LanguageInvoker start, auto delete: false
19:27:44 T:139732592023296  NOTICE: -->Python Interpreter Initialized<--
19:27:44 T:139732592023296  NOTICE: Total Installer: 1.0.7
19:27:44 T:139732592023296  NOTICE: Mode: None
19:27:44 T:139732592023296  NOTICE: URL: None
19:27:44 T:139732592023296  NOTICE: Name: None
19:27:44 T:139732592023296  NOTICE: IconImage: None
19:27:44 T:139732592023296  NOTICE: Total Installer: 1.0.7
19:27:44 T:139732592023296  NOTICE: Mode: None
19:27:44 T:139732592023296  NOTICE: URL: None
19:27:44 T:139732592023296  NOTICE: Name: None
19:27:44 T:139732592023296  NOTICE: IconImage: None
19:27:44 T:139732592023296  NOTICE: Mode: None
19:27:44 T:139732592023296  NOTICE: URL: None
19:27:44 T:139732592023296  NOTICE: Name: None
19:27:44 T:139732592023296  NOTICE: IconImage: None
19:27:44 T:139732592023296  NOTICE: Addon ID: None
19:27:44 T:139732592023296  NOTICE: description: None
19:27:44 T:139732122068736  NOTICE: Thread BackgroundLoader start, auto delete: false
19:27:51 T:139732493944576  NOTICE: Thread FileCache start, auto delete: false
19:27:54 T:139732493944576  NOTICE: Thread LanguageInvoker start, auto delete: false
19:27:54 T:139732493944576  NOTICE: -->Python Interpreter Initialized<--
19:27:54 T:139732493944576  NOTICE: Total Installer: 1.0.7
19:27:54 T:139732493944576  NOTICE: Mode: None
19:27:54 T:139732493944576  NOTICE: URL: None
19:27:54 T:139732493944576  NOTICE: Name: None
19:27:54 T:139732493944576  NOTICE: IconImage: None
19:27:54 T:139732493944576  NOTICE: Total Installer: 1.0.7
19:27:54 T:139732493944576  NOTICE: Mode: None
19:27:54 T:139732493944576  NOTICE: URL: None
19:27:54 T:139732493944576  NOTICE: Name: None
19:27:54 T:139732493944576  NOTICE: IconImage: None
19:27:54 T:139732493944576  NOTICE: Mode: None
19:27:54 T:139732493944576  NOTICE: URL: None
19:27:54 T:139732493944576  NOTICE: Name: None
19:27:54 T:139732493944576  NOTICE: IconImage: None
19:27:54 T:139732493944576  NOTICE: Addon ID: None
19:27:54 T:139732493944576  NOTICE: description: None
19:27:54 T:139732592023296  NOTICE: Thread BackgroundLoader start, auto delete: false
19:27:58 T:139732903347968   ERROR: CCurlFile::Stat - Failed: Timeout was reached(28) for http://xty.me/xunitytalk/addons/plugin.video.itv/plugin.video.itv-2.2.1.zip|Referer=plugin.video.itv-0.zip
19:28:00 T:139732592023296  NOTICE: Thread LanguageInvoker start, auto delete: false
19:28:00 T:139732592023296  NOTICE: -->Python Interpreter Initialized<--
19:28:00 T:139732592023296  NOTICE: Total Installer: 1.0.7
19:28:00 T:139732592023296  NOTICE: Mode: None
19:28:00 T:139732592023296  NOTICE: URL: None
19:28:00 T:139732592023296  NOTICE: Name: None
19:28:00 T:139732592023296  NOTICE: IconImage: None
19:28:00 T:139732592023296  NOTICE: Total Installer: 1.0.7
19:28:00 T:139732592023296  NOTICE: Mode: None
19:28:00 T:139732592023296  NOTICE: URL: None
19:28:00 T:139732592023296  NOTICE: Name: None
19:28:00 T:139732592023296  NOTICE: IconImage: None
19:28:00 T:139732592023296  NOTICE: Mode: None
19:28:00 T:139732592023296  NOTICE: URL: None
19:28:00 T:139732592023296  NOTICE: Name: None
19:28:00 T:139732592023296  NOTICE: IconImage: None
19:28:00 T:139732592023296  NOTICE: Addon ID: None
19:28:00 T:139732592023296  NOTICE: description: None
19:28:00 T:139732122068736  NOTICE: Thread BackgroundLoader start, auto delete: false
19:28:03 T:139732592023296  NOTICE: Thread LanguageInvoker start, auto delete: false
19:28:03 T:139732592023296  NOTICE: -->Python Interpreter Initialized<--
19:28:03 T:139732592023296  NOTICE: Total Installer: 1.0.7
19:28:03 T:139732592023296  NOTICE: Mode: None
19:28:03 T:139732592023296  NOTICE: URL: None
19:28:03 T:139732592023296  NOTICE: Name: None
19:28:03 T:139732592023296  NOTICE: IconImage: None
19:28:03 T:139732592023296  NOTICE: Total Installer: 1.0.7
19:28:03 T:139732592023296  NOTICE: Mode: None
19:28:03 T:139732592023296  NOTICE: URL: None
19:28:03 T:139732592023296  NOTICE: Name: None
19:28:03 T:139732592023296  NOTICE: IconImage: None
19:28:03 T:139732592023296  NOTICE: Mode: None
19:28:03 T:139732592023296  NOTICE: URL: None
19:28:03 T:139732592023296  NOTICE: Name: None
19:28:03 T:139732592023296  NOTICE: IconImage: None
19:28:03 T:139732592023296  NOTICE: Addon ID: None
19:28:03 T:139732592023296  NOTICE: description: None
19:28:03 T:139732122068736  NOTICE: Thread BackgroundLoader start, auto delete: false
19:28:08 T:139732903347968   ERROR: CCurlFile::FillBuffer - Failed: Timeout was reached(28)
19:28:08 T:139732903347968   ERROR: CCurlFile::CReadState::Connect, didn't get any data from stream.
19:28:08 T:139732592023296  NOTICE: Thread LanguageInvoker start, auto delete: false
19:28:08 T:139732592023296  NOTICE: -->Python Interpreter Initialized<--
19:28:08 T:139732592023296  NOTICE: Total Installer: 1.0.7
19:28:08 T:139732592023296  NOTICE: Mode: None
19:28:08 T:139732592023296  NOTICE: URL: None
19:28:08 T:139732592023296  NOTICE: Name: None
19:28:08 T:139732592023296  NOTICE: IconImage: None
19:28:08 T:139732592023296  NOTICE: Total Installer: 1.0.7
19:28:08 T:139732592023296  NOTICE: Mode: None
19:28:08 T:139732592023296  NOTICE: URL: None
19:28:08 T:139732592023296  NOTICE: Name: None
19:28:08 T:139732592023296  NOTICE: IconImage: None
19:28:08 T:139732592023296  NOTICE: Mode: None
19:28:08 T:139732592023296  NOTICE: URL: None
19:28:08 T:139732592023296  NOTICE: Name: None
19:28:08 T:139732592023296  NOTICE: IconImage: None
19:28:08 T:139732592023296  NOTICE: Addon ID: None
19:28:08 T:139732592023296  NOTICE: description: None
19:28:08 T:139732122068736  NOTICE: Thread BackgroundLoader start, auto delete: false
19:28:11 T:139732122068736  NOTICE: Thread LanguageInvoker start, auto delete: false
19:28:11 T:139732122068736  NOTICE: -->Python Interpreter Initialized<--
19:28:11 T:139732122068736  NOTICE: Total Installer: 1.0.7
19:28:11 T:139732122068736  NOTICE: Mode: None
19:28:11 T:139732122068736  NOTICE: URL: None
19:28:11 T:139732122068736  NOTICE: Name: None
19:28:11 T:139732122068736  NOTICE: IconImage: None
19:28:11 T:139732122068736  NOTICE: Total Installer: 1.0.7
19:28:11 T:139732122068736  NOTICE: Mode: None
19:28:11 T:139732122068736  NOTICE: URL: None
19:28:11 T:139732122068736  NOTICE: Name: None
19:28:11 T:139732122068736  NOTICE: IconImage: None
19:28:11 T:139732122068736  NOTICE: Mode: None
19:28:11 T:139732122068736  NOTICE: URL: None
19:28:11 T:139732122068736  NOTICE: Name: None
19:28:11 T:139732122068736  NOTICE: IconImage: None
19:28:11 T:139732122068736  NOTICE: Addon ID: None
19:28:11 T:139732122068736  NOTICE: description: None
19:28:11 T:139732592023296  NOTICE: Thread BackgroundLoader start, auto delete: false
19:28:12 T:139732521121536   ERROR: Repository Kinkins REPO returned no add-ons, listing may have failed
19:28:13 T:139732122068736  NOTICE: Thread LanguageInvoker start, auto delete: false
19:28:13 T:139732122068736  NOTICE: -->Python Interpreter Initialized<--
19:28:13 T:139732122068736  NOTICE: Total Installer: 1.0.7
19:28:13 T:139732122068736  NOTICE: Mode: None
19:28:13 T:139732122068736  NOTICE: URL: None
19:28:13 T:139732122068736  NOTICE: Name: None
19:28:13 T:139732122068736  NOTICE: IconImage: None
19:28:13 T:139732122068736  NOTICE: Total Installer: 1.0.7
19:28:13 T:139732122068736  NOTICE: Mode: None
19:28:13 T:139732122068736  NOTICE: URL: None
19:28:13 T:139732122068736  NOTICE: Name: None
19:28:13 T:139732122068736  NOTICE: IconImage: None
19:28:13 T:139732122068736  NOTICE: Mode: None
19:28:13 T:139732122068736  NOTICE: URL: None
19:28:13 T:139732122068736  NOTICE: Name: None
19:28:13 T:139732122068736  NOTICE: IconImage: None
19:28:13 T:139732122068736  NOTICE: Addon ID: None
19:28:13 T:139732122068736  NOTICE: description: None
19:28:13 T:139732592023296  NOTICE: Thread BackgroundLoader start, auto delete: false
19:28:13 T:139732521121536   ERROR: Repository TheYid's REPO returned no add-ons, listing may have failed
19:28:13 T:139732592023296  NOTICE: Thread LanguageInvoker start, auto delete: false
19:28:13 T:139732592023296  NOTICE: -->Python Interpreter Initialized<--
19:28:13 T:139732592023296  NOTICE: Total Installer: 1.0.7
19:28:13 T:139732592023296  NOTICE: Mode: None
19:28:13 T:139732592023296  NOTICE: URL: None
19:28:13 T:139732592023296  NOTICE: Name: None
19:28:13 T:139732592023296  NOTICE: IconImage: None
19:28:13 T:139732592023296  NOTICE: Total Installer: 1.0.7
19:28:13 T:139732592023296  NOTICE: Mode: None
19:28:13 T:139732592023296  NOTICE: URL: None
19:28:13 T:139732592023296  NOTICE: Name: None
19:28:13 T:139732592023296  NOTICE: IconImage: None
19:28:13 T:139732592023296  NOTICE: Mode: None
19:28:13 T:139732592023296  NOTICE: URL: None
19:28:13 T:139732592023296  NOTICE: Name: None
19:28:13 T:139732592023296  NOTICE: IconImage: None
19:28:13 T:139732592023296  NOTICE: Addon ID: None
19:28:13 T:139732592023296  NOTICE: description: None
19:28:13 T:139732122068736  NOTICE: Thread BackgroundLoader start, auto delete: false
19:28:13 T:139732521121536   ERROR: Repository Hitcher's repository returned no add-ons, listing may have failed
19:28:13 T:139732592023296  NOTICE: Thread LanguageInvoker start, auto delete: false
19:28:13 T:139732592023296  NOTICE: -->Python Interpreter Initialized<--
19:28:13 T:139732592023296  NOTICE: Total Installer: 1.0.7
19:28:13 T:139732592023296  NOTICE: Mode: None
19:28:13 T:139732592023296  NOTICE: URL: None
19:28:13 T:139732592023296  NOTICE: Name: None
19:28:13 T:139732592023296  NOTICE: IconImage: None
19:28:13 T:139732592023296  NOTICE: Total Installer: 1.0.7
19:28:13 T:139732592023296  NOTICE: Mode: None
19:28:13 T:139732592023296  NOTICE: URL: None
19:28:13 T:139732592023296  NOTICE: Name: None
19:28:13 T:139732592023296  NOTICE: IconImage: None
19:28:13 T:139732592023296  NOTICE: Mode: None
19:28:13 T:139732592023296  NOTICE: URL: None
19:28:13 T:139732592023296  NOTICE: Name: None
19:28:13 T:139732592023296  NOTICE: IconImage: None
19:28:13 T:139732592023296  NOTICE: Addon ID: None
19:28:13 T:139732592023296  NOTICE: description: None
19:28:13 T:139732122068736  NOTICE: Thread BackgroundLoader start, auto delete: false
19:28:13 T:139732592023296  NOTICE: Thread LanguageInvoker start, auto delete: false
19:28:13 T:139732592023296  NOTICE: -->Python Interpreter Initialized<--
19:28:13 T:139732592023296  NOTICE: Total Installer: 1.0.7
19:28:13 T:139732592023296  NOTICE: Mode: None
19:28:13 T:139732592023296  NOTICE: URL: None
19:28:13 T:139732592023296  NOTICE: Name: None
19:28:13 T:139732592023296  NOTICE: IconImage: None
19:28:13 T:139732592023296  NOTICE: Total Installer: 1.0.7
19:28:13 T:139732592023296  NOTICE: Mode: None
19:28:13 T:139732592023296  NOTICE: URL: None
19:28:13 T:139732592023296  NOTICE: Name: None
19:28:13 T:139732592023296  NOTICE: IconImage: None
19:28:13 T:139732592023296  NOTICE: Mode: None
19:28:13 T:139732592023296  NOTICE: URL: None
19:28:13 T:139732592023296  NOTICE: Name: None
19:28:13 T:139732592023296  NOTICE: IconImage: None
19:28:13 T:139732592023296  NOTICE: Addon ID: None
19:28:13 T:139732592023296  NOTICE: description: None
19:28:13 T:139732122068736  NOTICE: Thread BackgroundLoader start, auto delete: false
19:28:16 T:139732583630592   ERROR: Repository TheHighway's Addons returned no add-ons, listing may have failed
19:28:16 T:139732122068736  NOTICE: Thread LanguageInvoker start, auto delete: false
19:28:16 T:139732122068736  NOTICE: -->Python Interpreter Initialized<--
19:28:16 T:139732122068736  NOTICE: Total Installer: 1.0.7
19:28:16 T:139732122068736  NOTICE: Mode: None
19:28:16 T:139732122068736  NOTICE: URL: None
19:28:16 T:139732122068736  NOTICE: Name: None
19:28:16 T:139732122068736  NOTICE: IconImage: None
19:28:16 T:139732122068736  NOTICE: Total Installer: 1.0.7
19:28:16 T:139732122068736  NOTICE: Mode: None
19:28:16 T:139732122068736  NOTICE: URL: None
19:28:16 T:139732122068736  NOTICE: Name: None
19:28:16 T:139732122068736  NOTICE: IconImage: None
19:28:16 T:139732122068736  NOTICE: Mode: None
19:28:16 T:139732122068736  NOTICE: URL: None
19:28:16 T:139732122068736  NOTICE: Name: None
19:28:16 T:139732122068736  NOTICE: IconImage: None
19:28:16 T:139732122068736  NOTICE: Addon ID: None
19:28:16 T:139732122068736  NOTICE: description: None
19:28:16 T:139732592023296  NOTICE: Thread BackgroundLoader start, auto delete: false
19:28:16 T:139732592023296  NOTICE: Thread LanguageInvoker start, auto delete: false
19:28:16 T:139732592023296  NOTICE: -->Python Interpreter Initialized<--
19:28:16 T:139732592023296  NOTICE: Total Installer: 1.0.7
19:28:16 T:139732592023296  NOTICE: Mode: None
19:28:16 T:139732592023296  NOTICE: URL: None
19:28:16 T:139732592023296  NOTICE: Name: None
19:28:16 T:139732592023296  NOTICE: IconImage: None
19:28:16 T:139732592023296  NOTICE: Total Installer: 1.0.7
19:28:16 T:139732592023296  NOTICE: Mode: None
19:28:16 T:139732592023296  NOTICE: URL: None
19:28:16 T:139732592023296  NOTICE: Name: None
19:28:16 T:139732592023296  NOTICE: IconImage: None
19:28:16 T:139732592023296  NOTICE: Mode: None
19:28:16 T:139732592023296  NOTICE: URL: None
19:28:16 T:139732592023296  NOTICE: Name: None
19:28:16 T:139732592023296  NOTICE: IconImage: None
19:28:16 T:139732592023296  NOTICE: Addon ID: None
19:28:16 T:139732592023296  NOTICE: description: None
19:28:16 T:139732592023296  NOTICE: Thread BackgroundLoader start, auto delete: false
19:28:24 T:139732521121536   ERROR: CCurlFile::Stat - Failed: Timeout was reached(28) for http://xty.me/xunitytalk/addons/plugin.video.bbciplayer/icon.png
19:28:40 T:139732566845184   ERROR: Repository .[COLOR blue]X[/COLOR]unity[COLOR blue]T[/COLOR]alk Repository returned no add-ons, listing may have failed
19:28:40 T:139732592023296  NOTICE: Thread LanguageInvoker start, auto delete: false
19:28:40 T:139732592023296  NOTICE: -->Python Interpreter Initialized<--
19:28:40 T:139732592023296  NOTICE: Total Installer: 1.0.7
19:28:40 T:139732592023296  NOTICE: Mode: None
19:28:40 T:139732592023296  NOTICE: URL: None
19:28:40 T:139732592023296  NOTICE: Name: None
19:28:40 T:139732592023296  NOTICE: IconImage: None
19:28:40 T:139732592023296  NOTICE: Total Installer: 1.0.7
19:28:40 T:139732592023296  NOTICE: Mode: None
19:28:40 T:139732592023296  NOTICE: URL: None
19:28:40 T:139732592023296  NOTICE: Name: None
19:28:40 T:139732592023296  NOTICE: IconImage: None
19:28:40 T:139732592023296  NOTICE: Mode: None
19:28:40 T:139732592023296  NOTICE: URL: None
19:28:40 T:139732592023296  NOTICE: Name: None
19:28:40 T:139732592023296  NOTICE: IconImage: None
19:28:40 T:139732592023296  NOTICE: Addon ID: None
19:28:40 T:139732592023296  NOTICE: description: None
19:28:40 T:139732122068736  NOTICE: Thread BackgroundLoader start, auto delete: false
19:28:40 T:139732122068736  NOTICE: Thread LanguageInvoker start, auto delete: false
19:28:40 T:139732122068736  NOTICE: -->Python Interpreter Initialized<--
19:28:40 T:139732122068736  NOTICE: Total Installer: 1.0.7
19:28:40 T:139732122068736  NOTICE: Mode: None
19:28:40 T:139732122068736  NOTICE: URL: None
19:28:40 T:139732122068736  NOTICE: Name: None
19:28:40 T:139732122068736  NOTICE: IconImage: None
19:28:40 T:139732122068736  NOTICE: Total Installer: 1.0.7
19:28:40 T:139732122068736  NOTICE: Mode: None
19:28:40 T:139732122068736  NOTICE: URL: None
19:28:40 T:139732122068736  NOTICE: Name: None
19:28:40 T:139732122068736  NOTICE: IconImage: None
19:28:40 T:139732122068736  NOTICE: Mode: None
19:28:40 T:139732122068736  NOTICE: URL: None
19:28:40 T:139732122068736  NOTICE: Name: None
19:28:40 T:139732122068736  NOTICE: IconImage: None
19:28:40 T:139732122068736  NOTICE: Addon ID: None
19:28:40 T:139732122068736  NOTICE: description: None
19:28:40 T:139732592023296  NOTICE: Thread BackgroundLoader start, auto delete: false
19:28:50 T:139732903347968   ERROR: CCurlFile::Stat - Failed: Timeout was reached(28) for http://xty.me/xunitytalk/addons/repository.xunitytalk/icon.png
19:29:19 T:139732122068736  NOTICE: Thread LanguageInvoker start, auto delete: false
19:29:19 T:139732122068736  NOTICE: -->Python Interpreter Initialized<--
19:29:19 T:139732122068736  NOTICE: Total Installer: 1.0.7
19:29:19 T:139732122068736  NOTICE: Mode: addonmenu
19:29:19 T:139732122068736  NOTICE: URL: none
19:29:19 T:139732122068736  NOTICE: Name: Search For Addons
19:29:19 T:139732122068736  NOTICE: IconImage: None
19:29:19 T:139732122068736  NOTICE: Total Installer: 1.0.7
19:29:19 T:139732122068736  NOTICE: Mode: addonmenu
19:29:19 T:139732122068736  NOTICE: URL: none
19:29:19 T:139732122068736  NOTICE: Name: Search For Addons
19:29:19 T:139732122068736  NOTICE: IconImage: None
19:29:19 T:139732122068736  NOTICE: Mode: addonmenu
19:29:19 T:139732122068736  NOTICE: URL: none
19:29:19 T:139732122068736  NOTICE: Name: Search For Addons
19:29:19 T:139732122068736  NOTICE: IconImage: None
19:29:19 T:139732122068736  NOTICE: Addon ID: None
19:29:19 T:139732122068736  NOTICE: description: None
19:29:19 T:139732592023296  NOTICE: Thread BackgroundLoader start, auto delete: false
19:29:21 T:139732592023296  NOTICE: Thread LanguageInvoker start, auto delete: false
19:29:21 T:139732592023296  NOTICE: -->Python Interpreter Initialized<--
19:29:21 T:139732592023296  NOTICE: Total Installer: 1.0.7
19:29:21 T:139732592023296  NOTICE: Mode: genres
19:29:21 T:139732592023296  NOTICE: URL: none
19:29:21 T:139732592023296  NOTICE: Name: Search by Genres
19:29:21 T:139732592023296  NOTICE: IconImage: None
19:29:21 T:139732592023296  NOTICE: Total Installer: 1.0.7
19:29:21 T:139732592023296  NOTICE: Mode: genres
19:29:21 T:139732592023296  NOTICE: URL: none
19:29:21 T:139732592023296  NOTICE: Name: Search by Genres
19:29:21 T:139732592023296  NOTICE: IconImage: None
19:29:21 T:139732592023296  NOTICE: Mode: genres
19:29:21 T:139732592023296  NOTICE: URL: none
19:29:21 T:139732592023296  NOTICE: Name: Search by Genres
19:29:21 T:139732592023296  NOTICE: IconImage: None
19:29:21 T:139732592023296  NOTICE: Addon ID: None
19:29:21 T:139732592023296  NOTICE: description: None
19:29:21 T:139732122068736  NOTICE: Thread BackgroundLoader start, auto delete: false
19:29:26 T:139732592023296  NOTICE: Thread LanguageInvoker start, auto delete: false
19:29:26 T:139732592023296  NOTICE: -->Python Interpreter Initialized<--
19:29:26 T:139732592023296  NOTICE: Total Installer: 1.0.7
19:29:26 T:139732592023296  NOTICE: Mode: addonlist
19:29:26 T:139732592023296  NOTICE: URL: http://addons.totalxbmc.com/category/genres/movies/
19:29:26 T:139732592023296  NOTICE: Name: Movies
19:29:26 T:139732592023296  NOTICE: IconImage: None
19:29:26 T:139732592023296  NOTICE: Total Installer: 1.0.7
19:29:26 T:139732592023296  NOTICE: Mode: addonlist
19:29:26 T:139732592023296  NOTICE: URL: http://addons.totalxbmc.com/category/genres/movies/
19:29:26 T:139732592023296  NOTICE: Name: Movies
19:29:26 T:139732592023296  NOTICE: IconImage: None
19:29:26 T:139732592023296  NOTICE: Mode: addonlist
19:29:26 T:139732592023296  NOTICE: URL: http://addons.totalxbmc.com/category/genres/movies/
19:29:26 T:139732592023296  NOTICE: Name: Movies
19:29:26 T:139732592023296  NOTICE: IconImage: None
19:29:26 T:139732592023296  NOTICE: Addon ID: None
19:29:26 T:139732592023296  NOTICE: description: None
19:29:29 T:139732122068736  NOTICE: Thread BackgroundLoader start, auto delete: false
19:29:32 T:139732592023296  NOTICE: Thread LanguageInvoker start, auto delete: false
19:29:32 T:139732592023296  NOTICE: -->Python Interpreter Initialized<--
19:29:32 T:139732592023296  NOTICE: Total Installer: 1.0.7
19:29:32 T:139732592023296  NOTICE: Mode: addonindex
19:29:32 T:139732592023296  NOTICE: URL: http://addons.totalxbmc.com/show/plugin.video.1channel/
19:29:32 T:139732592023296  NOTICE: Name: 1channel
19:29:32 T:139732592023296  NOTICE: IconImage: None
19:29:32 T:139732592023296  NOTICE: Total Installer: 1.0.7
19:29:32 T:139732592023296  NOTICE: Mode: addonindex
19:29:32 T:139732592023296  NOTICE: URL: http://addons.totalxbmc.com/show/plugin.video.1channel/
19:29:32 T:139732592023296  NOTICE: Name: 1channel
19:29:32 T:139732592023296  NOTICE: IconImage: None
19:29:32 T:139732592023296  NOTICE: Mode: addonindex
19:29:32 T:139732592023296  NOTICE: URL: http://addons.totalxbmc.com/show/plugin.video.1channel/
19:29:32 T:139732592023296  NOTICE: Name: 1channel
19:29:32 T:139732592023296  NOTICE: IconImage: None
19:29:32 T:139732592023296  NOTICE: Addon ID: None
19:29:32 T:139732592023296  NOTICE: description: None
19:29:41 T:139732592023296  NOTICE: Thread BackgroundLoader start, auto delete: false
19:29:45 T:139732592023296  NOTICE: Thread LanguageInvoker start, auto delete: false
19:29:45 T:139732592023296  NOTICE: -->Python Interpreter Initialized<--
19:29:45 T:139732592023296  NOTICE: Total Installer: 1.0.7
19:29:45 T:139732592023296  NOTICE: Mode: addoninstall
19:29:45 T:139732592023296  NOTICE: URL: http://repo.gosub.dk/bstrdsmkr/repo/plugin.video.1channel/plugin.video.1channel-2.5.55.zip
19:29:45 T:139732592023296  NOTICE: Name: Install 1channel
19:29:45 T:139732592023296  NOTICE: IconImage: None
19:29:45 T:139732592023296  NOTICE: Total Installer: 1.0.7
19:29:45 T:139732592023296  NOTICE: Mode: addoninstall
19:29:45 T:139732592023296  NOTICE: URL: http://repo.gosub.dk/bstrdsmkr/repo/plugin.video.1channel/plugin.video.1channel-2.5.55.zip
19:29:45 T:139732592023296  NOTICE: Name: Install 1channel
19:29:45 T:139732592023296  NOTICE: IconImage: None
19:29:45 T:139732592023296  NOTICE: Mode: addoninstall
19:29:45 T:139732592023296  NOTICE: URL: http://repo.gosub.dk/bstrdsmkr/repo/plugin.video.1channel/plugin.video.1channel-2.5.55.zip
19:29:45 T:139732592023296  NOTICE: Name: Install 1channel
19:29:45 T:139732592023296  NOTICE: IconImage: None
19:29:45 T:139732592023296  NOTICE: Addon ID: None
19:29:45 T:139732592023296  NOTICE: description: None
19:29:45 T:139732592023296  NOTICE: Installing Url : http://repo.gosub.dk/bstrdsmkr/repo/plugin.video.1channel/plugin.video.1channel-2.5.55.zip
19:31:38 T:139733315532736  NOTICE: Storing total System Uptime
19:31:38 T:139733315532736  NOTICE: Saving settings
19:31:38 T:139733315532736  NOTICE: stop all
19:31:43 T:139732566845184   ERROR: CPythonInvoker(48, /home/anupam/.kodi/addons/plugin.program.totalinstaller/default.py): script didn't stop in 5 seconds - let's kill it
19:31:45 T:139732583630592   ERROR: CCurlFile::Stat - Failed: Timeout was reached(28) for http://mirrors.kodi.tv/addons/frodo/plugin.video.previewnetworks/icon.png
19:31:55 T:139732583630592   ERROR: CCurlFile::FillBuffer - Failed: Timeout was reached(28)
19:31:55 T:139732583630592   ERROR: CCurlFile::CReadState::Connect, didn't get any data from stream.
19:32:00 T:139733315532736  NOTICE: stop player
19:32:00 T:139733315532736  NOTICE: ES: Stopping event server
19:32:00 T:139733315532736  NOTICE: stopping zeroconf publishing
19:32:01 T:139732477159168  NOTICE: ES: UDP Event server stopped
19:32:01 T:139733315532736  NOTICE: stop dvd detect media
19:32:01 T:139733315532736  NOTICE: stop sap announcement listener
19:32:01 T:139733315532736  NOTICE: clean cached files!
19:32:01 T:139733315532736  NOTICE: unload skin
19:32:01 T:139733315532736  NOTICE: stopped
19:32:01 T:139733315532736  NOTICE: destroy
19:32:01 T:139733315532736  NOTICE: closing down remote control service
19:32:01 T:139733315532736  NOTICE: unload sections
19:32:01 T:139733315532736  NOTICE: special://profile/ is mapped to: special://masterprofile/
19:32:01 T:139733315532736   ERROR: GetDirectory - Error getting plugin://plugin.program.totalinstaller/?filetype=addon&mode=addoninstall&name=Install%201channel&repourl=http%3a%2f%2frepo.gosub.dk%2fbstrdsmkr%2frepo%2frepository.bstrdsmkr%2frepository.bstrdsmkr-0.0.3.zip&url=http%3a%2f%2frepo.gosub.dk%2fbstrdsmkr%2frepo%2fplugin.video.1channel%2fplugin.video.1channel-2.5.55.zip
19:32:01 T:139733315532736   ERROR: CGUIMediaWindow::GetDirectory(plugin://plugin.program.totalinstaller/?filetype=addon&mode=addoninstall&name=Install%201channel&repourl=http%3a%2f%2frepo.gosub.dk%2fbstrdsmkr%2frepo%2frepository.bstrdsmkr%2frepository.bstrdsmkr-0.0.3.zip&url=http%3a%2f%2frepo.gosub.dk%2fbstrdsmkr%2frepo%2fplugin.video.1channel%2fplugin.video.1channel-2.5.55.zip) failed


############### END LOG FILE ################

############ END Kodi CRASH LOG #############
